=== Server Log Started ===
[2026-01-21 07:19:28] [INFO ] [PID:26997] 로그 시스템 초기화 완료
[2026-01-21 07:19:28] [INFO ] [PID:26997] 클라이언트 연결 대기 중 (poll 사용, fork-exec 방식)
[2026-01-21 07:19:30] [INFO ] [PID:26997] 서버 종료 시그널 수신
[2026-01-21 07:19:30] [INFO ] [PID:26997] 총 실행 시간: 2초
[2026-01-21 07:19:30] [INFO ] [PID:26997] 성공한 fork: 0개
[2026-01-21 07:19:30] [INFO ] [PID:26997] 실패한 fork: 0개
[2026-01-21 07:19:30] [INFO ] [PID:26997] 회수한 좀비: 0개
[2026-01-21 07:19:30] [INFO ] [PID:26997] 활성 Worker에게 SIGTERM 전송
[2026-01-21 07:19:30] [INFO ] [PID:26997] 총 0개 Worker에게 SIGTERM 전송 시작
[2026-01-21 07:19:30] [INFO ] [PID:26997] Worker 정상 종료 대기 중 (최대 5초)...
[2026-01-21 07:19:30] [INFO ] [PID:26997] 모든 Worker 정상 종료 완료
[2026-01-21 07:19:30] [INFO ] [PID:26997] 정상 종료: 0개, 남은 Worker: 0개
[2026-01-21 07:19:30] [INFO ] [PID:26997] 서버 소켓 닫기 완료
[2026-01-21 07:19:30] [INFO ] [PID:26997] 최종 좀비 회수 중...
[2026-01-21 07:19:30] [INFO ] [PID:26997] 최종 회수: 0개
[2026-01-21 07:19:30] [INFO ] [PID:26997] 총 회수된 좀비: 0개
[2026-01-21 07:19:30] [INFO ] [PID:26997] 남은 활성 Worker: 0개
[2026-01-21 07:19:30] [INFO ] [PID:26997] === 서버 정상 종료 완료 ===
[2026-01-21 07:20:34] [INFO ] [PID:27280] SIGPIPE 무시 설정 완료
[2026-01-21 07:20:34] [INFO ] [PID:27280] === Multi-Process Echo Server (fork-exec) 시작 ===
[2026-01-21 07:20:34] [INFO ] [PID:27280] Port: 9190
